Arguments: 
  C:\Program Files\nodejs\node.exe C:\Users\USER\AppData\Roaming\npm\node_modules\yarn\bin\yarn.js

PATH: 
  C:\Program Files\WindowsApps\Microsoft.PowerShell_7.4.1.0_x64__8wekyb3d8bbwe;C:\Program Files\Microsoft\jdk-11.0.16.101-hotspot\bin;C:\Windows\system32;C:\Windows;C:\Windows\System32\Wbem;C:\Windows\System32\WindowsPowerShell\v1.0\;C:\Windows\System32\OpenSSH\;C:\Program Files\Git\cmd;C:\Program Files\nodejs\;C:\ProgramData\chocolatey\bin;C:\Program Files\Microsoft SQL Server\150\Tools\Binn\;C:\Program Files\Microsoft SQL Server\Client SDK\ODBC\170\Tools\Binn\;C:\Program Files\Go\bin;C:\Program Files\GitHub CLI\;C:\Program Files\dotnet\;C:\Program Files\Amazon\AWSCLIV2\;C:\Users\USER\.cargo\bin;C:\Users\USER\AppData\Local\Programs\Python\Launcher\;C:\Users\USER\AppData\Local\Microsoft\WindowsApps;;C:\Users\USER\AppData\Local\Programs\Microsoft VS Code\bin;C:\Users\USER\AppData\Roaming\npm;C:\Users\USER\.dotnet\tools;C:\Users\USER\AppData\Local\Programs\Microsoft VS Code Insiders\bin;C:\Users\USER\go\bin;C:\Users\USER\AppData\Local\Programs\oh-my-posh\bin

Yarn version: 
  1.22.19

Node version: 
  18.18.2

Platform: 
  win32 x64

Trace: 
  Error: getaddrinfo EAI_AGAIN registry.yarnpkg.com
      at GetAddrInfoReqWrap.onlookup [as oncomplete] (node:dns:108:26)

npm manifest: 
  {
    "name": "Noma-Site",
    "version": "1.0.0",
    "description": "",
    "scripts": {
      "start": "node server.js",
      "lint": "eslint src"
    },
    "repository": {
      "type": "git"
    },
    "keywords": [
      "react",
      "reactjs",
      "boilerplate",
      "hot",
      "reload",
      "hmr",
      "live",
      "edit",
      "webpack"
    ],
    "author": "HadrielWonda",
    "license": "MIT",
    "homepage": "https://github.com/HadrielWonda",
    "devDependencies": {},
    "dependencies": {
      "babel-core": "^6.0.20",
      "babel-eslint": "^4.1.3",
      "babel-loader": "^6.0.1",
      "babel-preset-es2015": "^6.0.15",
      "babel-preset-react": "^6.0.15",
      "babel-preset-stage-0": "^6.0.15",
      "body-parser": "^1.16.0",
      "classnames": "^2.2.5",
      "css-loader": "^0.23.1",
      "eslint": "^1.10.3",
      "eslint-plugin-react": "^3.6.2",
      "express": "^4.14.0",
      "file-loader": "^0.9.0",
      "node-sass": "^3.8.0",
      "nodemailer": "^2.7.0",
      "react": "^0.14.6",
      "react-dom": "^0.14.6",
      "react-hot-loader": "^1.3.0",
      "react-modal": "^1.6.4",
      "sass-loader": "^4.0.0",
      "style-loader": "^0.13.1",
      "url-loader": "*",
      "webpack": "^1.12.2",
      "webpack-dev-middleware": "^1.6.1",
      "webpack-hot-middleware": "^2.10.0"
    }
  }

yarn manifest: 
  No manifest

Lockfile: 
  No lockfile
